<?xml version="1.0" encoding="UTF-8"?>
<!-- Generated by org.testng.reporters.JUnitXMLReporter -->
<testsuite ignored="0" hostname="Sikta" failures="0" tests="4" name="Default test" time="12.924" errors="0" timestamp="2026-03-12T11:29:00 IST">
  <testcase classname="basePackage.Cart" name="fetchAllProducts" time="7.309"/>
  <testcase classname="basePackage.Cart" name="addProduct" time="0.697"/>
  <testcase classname="basePackage.Cart" name="updateProduct" time="0.599"/>
  <testcase classname="basePackage.Cart" name="deleteProduct" time="0.539"/>
</testsuite> <!-- Default test -->
