<?xml version="1.0" encoding="UTF-8"?>
<testng-results ignored="0" total="4" passed="4" failed="0" skipped="0">
  <reporter-output>
  </reporter-output>
  <suite started-at="2026-03-12T11:28:47 IST" name="Default suite" finished-at="2026-03-12T11:29:00 IST" duration-ms="12924">
    <groups>
    </groups>
    <test started-at="2026-03-12T11:28:47 IST" name="Default test" finished-at="2026-03-12T11:29:00 IST" duration-ms="12924">
      <class name="basePackage.Cart">
        <test-method is-config="true" signature="login()[pri:0, instance:basePackage.Cart@3c41ed1d]" started-at="2026-03-12T11:28:47 IST" name="login" finished-at="2026-03-12T11:28:51 IST" duration-ms="3731" status="PASS">
          <reporter-output>
          </reporter-output>
        </test-method> <!-- login -->
        <test-method signature="fetchAllProducts()[pri:0, instance:basePackage.Cart@3c41ed1d]" started-at="2026-03-12T11:28:51 IST" name="fetchAllProducts" finished-at="2026-03-12T11:28:58 IST" duration-ms="7309" status="PASS">
          <reporter-output>
          </reporter-output>
        </test-method> <!-- fetchAllProducts -->
        <test-method signature="addProduct()[pri:0, instance:basePackage.Cart@3c41ed1d]" started-at="2026-03-12T11:28:58 IST" name="addProduct" finished-at="2026-03-12T11:28:59 IST" depends-on-methods="basePackage.Cart.fetchAllProducts" duration-ms="697" status="PASS">
          <reporter-output>
          </reporter-output>
        </test-method> <!-- addProduct -->
        <test-method signature="updateProduct()[pri:0, instance:basePackage.Cart@3c41ed1d]" started-at="2026-03-12T11:28:59 IST" name="updateProduct" finished-at="2026-03-12T11:28:59 IST" depends-on-methods="basePackage.Cart.addProduct" duration-ms="599" status="PASS">
          <reporter-output>
          </reporter-output>
        </test-method> <!-- updateProduct -->
        <test-method signature="deleteProduct()[pri:0, instance:basePackage.Cart@3c41ed1d]" started-at="2026-03-12T11:28:59 IST" name="deleteProduct" finished-at="2026-03-12T11:29:00 IST" depends-on-methods="basePackage.Cart.updateProduct" duration-ms="539" status="PASS">
          <reporter-output>
          </reporter-output>
        </test-method> <!-- deleteProduct -->
      </class> <!-- basePackage.Cart -->
    </test> <!-- Default test -->
  </suite> <!-- Default suite -->
</testng-results>
