<?xml version="1.0" encoding="UTF-8"?>
<!-- Generated by org.testng.reporters.JUnitReportReporter -->
<testsuite hostname="Sikta" failures="0" tests="3" name="Shopper.TestNGMethods" time="0.015" errors="0" timestamp="2026-03-10T15:09:21 IST" skipped="1">
  <testcase classname="Shopper.TestNGMethods" name="atest2" time="0.002"/>
  <testcase classname="Shopper.TestNGMethods" name="btest1" time="0.013"/>
  <testcase classname="Shopper.TestNGMethods" name="ctest3">
    <skipped/>
  </testcase> <!-- ctest3 -->
</testsuite> <!-- Shopper.TestNGMethods -->
